<?xml version="1.0" encoding="UTF-8"?>
<!-- Generated by org.testng.reporters.JUnitReportReporter -->
<testsuite name="test.java.testscripts.LoginPageTest" tests="3" time="105.887" ignored="0" failures="0" timestamp="10 Apr 2020 08:27:24 GMT" skipped="0" hostname="HYDPCM01001813L" errors="0">
  <testcase name="loginTest" time="105.754" classname="test.java.testscripts.LoginPageTest"/>
  <testcase name="loginPageTitleTest" time="0.052" classname="test.java.testscripts.LoginPageTest"/>
  <testcase name="verifyHomePageTitleTest" time="0.081" classname="test.java.testscripts.LoginPageTest"/>
</testsuite> <!-- test.java.testscripts.LoginPageTest -->
