<?xml version="1.0" encoding="UTF-8"?>
<!-- Generated by org.testng.reporters.JUnitReportReporter -->
<testsuite name="test.java.testscripts.checkingTestNG" tests="1" time="106.535" ignored="0" failures="0" timestamp="10 Apr 2020 05:13:38 GMT" skipped="0" hostname="HYDPCM01001813L" errors="0">
  <testcase name="f" time="106.535" classname="test.java.testscripts.checkingTestNG"/>
</testsuite> <!-- test.java.testscripts.checkingTestNG -->
