<?xml version="1.0" encoding="UTF-8"?>
<!-- Generated by org.testng.reporters.JUnitReportReporter -->
<testsuite name="test.java.testscripts.HomePageTest" tests="1" time="0.044" ignored="0" failures="0" timestamp="10 Apr 2020 07:54:42 GMT" skipped="0" hostname="HYDPCM01001813L" errors="0">
  <testcase name="verifyHomePageTitleTest" time="0.044" classname="test.java.testscripts.HomePageTest"/>
</testsuite> <!-- test.java.testscripts.HomePageTest -->
